Change Component Designator: Old Designator=B*3 New Designator=B*1
Change Component Designator: Old Designator=C15 New Designator=C1
Change Component Designator: Old Designator=C16 New Designator=C2
Change Component Designator: Old Designator=D6 New Designator=D1
Change Component Designator: Old Designator=D7 New Designator=D2
Change Component Designator: Old Designator=F3 New Designator=F1
Change Component Designator: Old Designator=H5 New Designator=H1
Change Component Designator: Old Designator=H6 New Designator=H2
Change Component Designator: Old Designator=H7 New Designator=H3
Change Component Designator: Old Designator=H8 New Designator=H4
Change Component Designator: Old Designator=IC3 New Designator=IC1
Change Component Designator: Old Designator=LOGO3 New Designator=LOGO1
Change Component Designator: Old Designator=P12 New Designator=P1
Change Component Designator: Old Designator=P13 New Designator=P2
Change Component Designator: Old Designator=P14 New Designator=P3
Change Component Designator: Old Designator=P15 New Designator=P4
Change Component Designator: Old Designator=P16 New Designator=P5
Change Component Designator: Old Designator=P17 New Designator=P6
Change Component Designator: Old Designator=Q3 New Designator=Q1
Change Component Designator: Old Designator=R17 New Designator=R2
Change Component Designator: Old Designator=R18 New Designator=R3
Change Component Designator: Old Designator=R19 New Designator=R1
Change Component Designator: Old Designator=R20 New Designator=R4
Change Component Designator: Old Designator=R21 New Designator=R5
Change Component Designator: Old Designator=R22 New Designator=R6
Change Component Designator: Old Designator=U6 New Designator=U1
Change Component Designator: Old Designator=U7 New Designator=U2
Change Component Designator: Old Designator=VR2 New Designator=VR1
Change Component Designator: Old Designator=Y4 New Designator=Y1
