Change Component Designator: Old Designator=C5 New Designator=C7
Change Component Designator: Old Designator=C6 New Designator=C8
Change Component Designator: Old Designator=C7 New Designator=C10
Change Component Designator: Old Designator=C8 New Designator=C11
Change Component Designator: Old Designator=C9 New Designator=C12
Change Component Designator: Old Designator=C10 New Designator=C13
Change Component Designator: Old Designator=C? New Designator=C5
Change Component Designator: Old Designator=C? New Designator=C6
Change Component Designator: Old Designator=C? New Designator=C9
Change Component Designator: Old Designator=D4 New Designator=D5
Change Component Designator: Old Designator=D5 New Designator=D4
Change Component Designator: Old Designator=IC? New Designator=IC1
Change Component Designator: Old Designator=IC? New Designator=IC2
Change Component Designator: Old Designator=P5 New Designator=P8
Change Component Designator: Old Designator=P8 New Designator=P5
Change Component Designator: Old Designator=P? New Designator=P11
Change Component Designator: Old Designator=R9 New Designator=R11
Change Component Designator: Old Designator=R10 New Designator=R12
Change Component Designator: Old Designator=R11 New Designator=R13
Change Component Designator: Old Designator=R12 New Designator=R9
Change Component Designator: Old Designator=R13 New Designator=R10
Change Component Designator: Old Designator=R? New Designator=R14
Change Component Designator: Old Designator=S? New Designator=S1
Change Component Designator: Old Designator=U4 New Designator=U5
Change Component Designator: Old Designator=U5 New Designator=U4
