Change Component Designator: Old Designator=C6 New Designator=C7
Change Component Designator: Old Designator=C7 New Designator=C8
Change Component Designator: Old Designator=C8 New Designator=C6
Change Component Designator: Old Designator=H1 New Designator=H3
Change Component Designator: Old Designator=H2 New Designator=H4
Change Component Designator: Old Designator=H3 New Designator=H1
Change Component Designator: Old Designator=H4 New Designator=H2
Change Component Designator: Old Designator=P1 New Designator=P4
Change Component Designator: Old Designator=P2 New Designator=P1
Change Component Designator: Old Designator=P4 New Designator=P3
Change Component Designator: Old Designator=P5 New Designator=P2
Change Component Designator: Old Designator=P7 New Designator=P5
Change Component Designator: Old Designator=P? New Designator=P7
Change Component Designator: Old Designator=R1 New Designator=R3
Change Component Designator: Old Designator=R2 New Designator=R4
Change Component Designator: Old Designator=R3 New Designator=R1
Change Component Designator: Old Designator=R4 New Designator=R2
Change Component Designator: Old Designator=U1 New Designator=U2
Change Component Designator: Old Designator=U2 New Designator=U1
Change Component Designator: Old Designator=VR? New Designator=VR1
