Change Component Designator: Old Designator=B*2 New Designator=B*1
Change Component Designator: Old Designator=C3 New Designator=C1
Change Component Designator: Old Designator=C4 New Designator=C2
Change Component Designator: Old Designator=C5 New Designator=C3
Change Component Designator: Old Designator=C6 New Designator=C4
Change Component Designator: Old Designator=C7 New Designator=C5
Change Component Designator: Old Designator=C8 New Designator=C6
Change Component Designator: Old Designator=C9 New Designator=C8
Change Component Designator: Old Designator=C10 New Designator=C9
Change Component Designator: Old Designator=C11 New Designator=C10
Change Component Designator: Old Designator=C12 New Designator=C11
Change Component Designator: Old Designator=C13 New Designator=C12
Change Component Designator: Old Designator=C? New Designator=C7
Change Component Designator: Old Designator=D3 New Designator=D1
Change Component Designator: Old Designator=D4 New Designator=D2
Change Component Designator: Old Designator=D5 New Designator=D3
Change Component Designator: Old Designator=F2 New Designator=F1
Change Component Designator: Old Designator=H5 New Designator=H1
Change Component Designator: Old Designator=H6 New Designator=H2
Change Component Designator: Old Designator=H7 New Designator=H3
Change Component Designator: Old Designator=H8 New Designator=H4
Change Component Designator: Old Designator=LOGO2 New Designator=LOGO1
Change Component Designator: Old Designator=P5 New Designator=P1
Change Component Designator: Old Designator=P6 New Designator=P2
Change Component Designator: Old Designator=P7 New Designator=P3
Change Component Designator: Old Designator=P8 New Designator=P4
Change Component Designator: Old Designator=P9 New Designator=P5
Change Component Designator: Old Designator=P10 New Designator=P6
Change Component Designator: Old Designator=P11 New Designator=P7
Change Component Designator: Old Designator=Q2 New Designator=Q1
Change Component Designator: Old Designator=R9 New Designator=R1
Change Component Designator: Old Designator=R10 New Designator=R2
Change Component Designator: Old Designator=R11 New Designator=R3
Change Component Designator: Old Designator=R12 New Designator=R4
Change Component Designator: Old Designator=R13 New Designator=R5
Change Component Designator: Old Designator=R14 New Designator=R6
Change Component Designator: Old Designator=U4 New Designator=U1
Change Component Designator: Old Designator=U5 New Designator=U2
Change Component Designator: Old Designator=Y2 New Designator=Y1
Change Component Designator: Old Designator=Y3 New Designator=Y2
